<html>
<head>
<title>TestNG:  Test</title>
<link href="../testng.css" rel="stylesheet" type="text/css" />
<link href="../my-testng.css" rel="stylesheet" type="text/css" />

<style type="text/css">
.log { display: none;} 
.stack-trace { display: none;} 
</style>
<script type="text/javascript">
<!--
function flip(e) {
  current = e.style.display;
  if (current == 'block') {
    e.style.display = 'none';
    return 0;
  }
  else {
    e.style.display = 'block';
    return 1;
  }
}

function toggleBox(szDivId, elem, msg1, msg2)
{
  var res = -1;  if (document.getElementById) {
    res = flip(document.getElementById(szDivId));
  }
  else if (document.all) {
    // this is the way old msie versions work
    res = flip(document.all[szDivId]);
  }
  if(elem) {
    if(res == 0) elem.innerHTML = msg1; else elem.innerHTML = msg2;
  }

}

function toggleAllBoxes() {
  if (document.getElementsByTagName) {
    d = document.getElementsByTagName('div');
    for (i = 0; i < d.length; i++) {
      if (d[i].className == 'log') {
        flip(d[i]);
      }
    }
  }
}

// -->
</script>

</head>
<body>
<h2 align='center'>Test</h2><table border='1' align="center">
<tr>
<td>Tests passed/Failed/Skipped:</td><td>1/3/0</td>
</tr><tr>
<td>Started on:</td><td>Tue Aug 11 03:08:23 BST 2020</td>
</tr>
<tr><td>Total time:</td><td>6 seconds (6316 ms)</td>
</tr><tr>
<td>Included groups:</td><td></td>
</tr><tr>
<td>Excluded groups:</td><td></td>
</tr>
</table><p/>
<small><i>(Hover the method name to see the test class name)</i></small><p/>
<table width='100%' border='1' class='invocation-failed'>
<tr><td colspan='4' align='center'><b>FAILED TESTS</b></td></tr>
<tr><td><b>Test method</b></td>
<td width="30%"><b>Exception</b></td>
<td width="10%"><b>Time (seconds)</b></td>
<td><b>Instance</b></td>
</tr>
<tr>
<td title='runners.Get_All_Users_API_Step_Runner.feature()'><b>feature</b><br>Test class: runners.Get_All_Users_API_Step_Runner<br>Test method: Runs Cucumber Feature<br>Parameters: Test Get_All_Users API</td>
<td><div><pre>cucumber.runtime.CucumberException: java.lang.AssertionError: The following asserts failed:
	Verifying JSON Path value list expected [21] but found [false],
	Verifying JSON Path value list expected [127.0.0.1] but found [false]
	at cucumber.api.testng.TestNGCucumberRunner.runCucumber(TestNGCucumberRunner.java:69)
	at cucumber.api.testng.AbstractTestNGCucumberTests.feature(AbstractTestNGCucumberTests.java:21)
Caused by: java.lang.AssertionError: The following asserts failed:
	Verifying JSON Path value list expected [21] but found [false],
	Verifying JSON Path value list expected [127.0.0.1] but found [false]
	at step.Get_All_Users_API_Step_Driver.gather_report(Get_All_Users_API_Step_Driver.java:124)
	at ?.And Test Get All Users API Gather all soft /hard asertion report(src/main/java/features/Get_All_Users_API.feature:8)
... Removed 25 stack frames</pre></div><a href='#' onClick='toggleBox("stack-trace237711398", this, "Click to show all stack frames", "Click to hide stack frames")'>Click to show all stack frames</a>
<div class='stack-trace' id='stack-trace237711398'><pre>cucumber.runtime.CucumberException: java.lang.AssertionError: The following asserts failed:
	Verifying JSON Path value list expected [21] but found [false],
	Verifying JSON Path value list expected [127.0.0.1] but found [false]
	at cucumber.api.testng.TestNGCucumberRunner.runCucumber(TestNGCucumberRunner.java:69)
	at cucumber.api.testng.AbstractTestNGCucumberTests.feature(AbstractTestNGCucumberTests.java:21)
	at java.base/jdk.internal.reflect.NativeMethodAccessorImpl.invoke0(Native Method)
	at java.base/jdk.internal.reflect.NativeMethodAccessorImpl.invoke(NativeMethodAccessorImpl.java:62)
	at java.base/jdk.internal.reflect.DelegatingMethodAccessorImpl.invoke(DelegatingMethodAccessorImpl.java:43)
	at java.base/java.lang.reflect.Method.invoke(Method.java:566)
	at org.testng.internal.MethodInvocationHelper.invokeMethod(MethodInvocationHelper.java:86)
	at org.testng.internal.Invoker.invokeMethod(Invoker.java:643)
	at org.testng.internal.Invoker.invokeTestMethod(Invoker.java:820)
	at org.testng.internal.Invoker.invokeTestMethods(Invoker.java:1128)
	at org.testng.internal.TestMethodWorker.invokeTestMethods(TestMethodWorker.java:129)
	at org.testng.internal.TestMethodWorker.run(TestMethodWorker.java:112)
	at org.testng.TestRunner.privateRun(TestRunner.java:782)
	at org.testng.TestRunner.run(TestRunner.java:632)
	at org.testng.SuiteRunner.runTest(SuiteRunner.java:366)
	at org.testng.SuiteRunner.runSequentially(SuiteRunner.java:361)
	at org.testng.SuiteRunner.privateRun(SuiteRunner.java:319)
	at org.testng.SuiteRunner.run(SuiteRunner.java:268)
	at org.testng.SuiteRunnerWorker.runSuite(SuiteRunnerWorker.java:52)
	at org.testng.SuiteRunnerWorker.run(SuiteRunnerWorker.java:86)
	at org.testng.TestNG.runSuitesSequentially(TestNG.java:1244)
	at org.testng.TestNG.runSuitesLocally(TestNG.java:1169)
	at org.testng.TestNG.run(TestNG.java:1064)
	at org.testng.remote.AbstractRemoteTestNG.run(AbstractRemoteTestNG.java:115)
	at org.testng.remote.RemoteTestNG.initAndRun(RemoteTestNG.java:251)
	at org.testng.remote.RemoteTestNG.main(RemoteTestNG.java:77)
Caused by: java.lang.AssertionError: The following asserts failed:
	Verifying JSON Path value list expected [21] but found [false],
	Verifying JSON Path value list expected [127.0.0.1] but found [false]
	at org.testng.asserts.SoftAssert.assertAll(SoftAssert.java:43)
	at step.Get_All_Users_API_Step_Driver.gather_report(Get_All_Users_API_Step_Driver.java:124)
	at ?.And Test Get All Users API Gather all soft /hard asertion report(src/main/java/features/Get_All_Users_API.feature:8)
</pre></div></td>
<td>3</td>
<td>runners.Get_All_Users_API_Step_Runner@479ceda0</td></tr>
<tr>
<td title='runners.GET_City_Users_API_Step_Runner.feature()'><b>feature</b><br>Test class: runners.GET_City_Users_API_Step_Runner<br>Test method: Runs Cucumber Feature<br>Parameters: Test GET City Users API</td>
<td><div><pre>cucumber.runtime.CucumberException: java.lang.AssertionError: The following asserts failed:
	Verifying Text expected [true] but found [false],
	Verifying Text expected [true] but found [false]
	at cucumber.api.testng.TestNGCucumberRunner.runCucumber(TestNGCucumberRunner.java:69)
	at cucumber.api.testng.AbstractTestNGCucumberTests.feature(AbstractTestNGCucumberTests.java:21)
Caused by: java.lang.AssertionError: The following asserts failed:
	Verifying Text expected [true] but found [false],
	Verifying Text expected [true] but found [false]
	at step.GET_City_Users_API_Step_Driver.gather_report(GET_City_Users_API_Step_Driver.java:127)
	at ?.And Test Get City Users API Gather all soft /hard asertion report(src/main/java/features/GET_City_Users_API.feature:8)
... Removed 25 stack frames</pre></div><a href='#' onClick='toggleBox("stack-trace1628800110", this, "Click to show all stack frames", "Click to hide stack frames")'>Click to show all stack frames</a>
<div class='stack-trace' id='stack-trace1628800110'><pre>cucumber.runtime.CucumberException: java.lang.AssertionError: The following asserts failed:
	Verifying Text expected [true] but found [false],
	Verifying Text expected [true] but found [false]
	at cucumber.api.testng.TestNGCucumberRunner.runCucumber(TestNGCucumberRunner.java:69)
	at cucumber.api.testng.AbstractTestNGCucumberTests.feature(AbstractTestNGCucumberTests.java:21)
	at java.base/jdk.internal.reflect.NativeMethodAccessorImpl.invoke0(Native Method)
	at java.base/jdk.internal.reflect.NativeMethodAccessorImpl.invoke(NativeMethodAccessorImpl.java:62)
	at java.base/jdk.internal.reflect.DelegatingMethodAccessorImpl.invoke(DelegatingMethodAccessorImpl.java:43)
	at java.base/java.lang.reflect.Method.invoke(Method.java:566)
	at org.testng.internal.MethodInvocationHelper.invokeMethod(MethodInvocationHelper.java:86)
	at org.testng.internal.Invoker.invokeMethod(Invoker.java:643)
	at org.testng.internal.Invoker.invokeTestMethod(Invoker.java:820)
	at org.testng.internal.Invoker.invokeTestMethods(Invoker.java:1128)
	at org.testng.internal.TestMethodWorker.invokeTestMethods(TestMethodWorker.java:129)
	at org.testng.internal.TestMethodWorker.run(TestMethodWorker.java:112)
	at org.testng.TestRunner.privateRun(TestRunner.java:782)
	at org.testng.TestRunner.run(TestRunner.java:632)
	at org.testng.SuiteRunner.runTest(SuiteRunner.java:366)
	at org.testng.SuiteRunner.runSequentially(SuiteRunner.java:361)
	at org.testng.SuiteRunner.privateRun(SuiteRunner.java:319)
	at org.testng.SuiteRunner.run(SuiteRunner.java:268)
	at org.testng.SuiteRunnerWorker.runSuite(SuiteRunnerWorker.java:52)
	at org.testng.SuiteRunnerWorker.run(SuiteRunnerWorker.java:86)
	at org.testng.TestNG.runSuitesSequentially(TestNG.java:1244)
	at org.testng.TestNG.runSuitesLocally(TestNG.java:1169)
	at org.testng.TestNG.run(TestNG.java:1064)
	at org.testng.remote.AbstractRemoteTestNG.run(AbstractRemoteTestNG.java:115)
	at org.testng.remote.RemoteTestNG.initAndRun(RemoteTestNG.java:251)
	at org.testng.remote.RemoteTestNG.main(RemoteTestNG.java:77)
Caused by: java.lang.AssertionError: The following asserts failed:
	Verifying Text expected [true] but found [false],
	Verifying Text expected [true] but found [false]
	at org.testng.asserts.SoftAssert.assertAll(SoftAssert.java:43)
	at step.GET_City_Users_API_Step_Driver.gather_report(GET_City_Users_API_Step_Driver.java:127)
	at ?.And Test Get City Users API Gather all soft /hard asertion report(src/main/java/features/GET_City_Users_API.feature:8)
</pre></div></td>
<td>0</td>
<td>runners.GET_City_Users_API_Step_Runner@6d07a63d</td></tr>
<tr>
<td title='runners.Get_User_API_Step_Runner.feature()'><b>feature</b><br>Test class: runners.Get_User_API_Step_Runner<br>Test method: Runs Cucumber Feature<br>Parameters: Test Get User API</td>
<td><div><pre>cucumber.runtime.CucumberException: java.lang.AssertionError: The following asserts failed:
	Verifying JSON Path value expected [5] but found [4]
	at cucumber.api.testng.TestNGCucumberRunner.runCucumber(TestNGCucumberRunner.java:69)
	at cucumber.api.testng.AbstractTestNGCucumberTests.feature(AbstractTestNGCucumberTests.java:21)
Caused by: java.lang.AssertionError: The following asserts failed:
	Verifying JSON Path value expected [5] but found [4]
	at step.Get_User_API_Step_Driver.Get_user_gather_report(Get_User_API_Step_Driver.java:118)
	at ?.And Test Get User API Gather all soft /hard asertion report(src/main/java/features/Get_User_API.feature:8)
... Removed 25 stack frames</pre></div><a href='#' onClick='toggleBox("stack-trace1128554438", this, "Click to show all stack frames", "Click to hide stack frames")'>Click to show all stack frames</a>
<div class='stack-trace' id='stack-trace1128554438'><pre>cucumber.runtime.CucumberException: java.lang.AssertionError: The following asserts failed:
	Verifying JSON Path value expected [5] but found [4]
	at cucumber.api.testng.TestNGCucumberRunner.runCucumber(TestNGCucumberRunner.java:69)
	at cucumber.api.testng.AbstractTestNGCucumberTests.feature(AbstractTestNGCucumberTests.java:21)
	at java.base/jdk.internal.reflect.NativeMethodAccessorImpl.invoke0(Native Method)
	at java.base/jdk.internal.reflect.NativeMethodAccessorImpl.invoke(NativeMethodAccessorImpl.java:62)
	at java.base/jdk.internal.reflect.DelegatingMethodAccessorImpl.invoke(DelegatingMethodAccessorImpl.java:43)
	at java.base/java.lang.reflect.Method.invoke(Method.java:566)
	at org.testng.internal.MethodInvocationHelper.invokeMethod(MethodInvocationHelper.java:86)
	at org.testng.internal.Invoker.invokeMethod(Invoker.java:643)
	at org.testng.internal.Invoker.invokeTestMethod(Invoker.java:820)
	at org.testng.internal.Invoker.invokeTestMethods(Invoker.java:1128)
	at org.testng.internal.TestMethodWorker.invokeTestMethods(TestMethodWorker.java:129)
	at org.testng.internal.TestMethodWorker.run(TestMethodWorker.java:112)
	at org.testng.TestRunner.privateRun(TestRunner.java:782)
	at org.testng.TestRunner.run(TestRunner.java:632)
	at org.testng.SuiteRunner.runTest(SuiteRunner.java:366)
	at org.testng.SuiteRunner.runSequentially(SuiteRunner.java:361)
	at org.testng.SuiteRunner.privateRun(SuiteRunner.java:319)
	at org.testng.SuiteRunner.run(SuiteRunner.java:268)
	at org.testng.SuiteRunnerWorker.runSuite(SuiteRunnerWorker.java:52)
	at org.testng.SuiteRunnerWorker.run(SuiteRunnerWorker.java:86)
	at org.testng.TestNG.runSuitesSequentially(TestNG.java:1244)
	at org.testng.TestNG.runSuitesLocally(TestNG.java:1169)
	at org.testng.TestNG.run(TestNG.java:1064)
	at org.testng.remote.AbstractRemoteTestNG.run(AbstractRemoteTestNG.java:115)
	at org.testng.remote.RemoteTestNG.initAndRun(RemoteTestNG.java:251)
	at org.testng.remote.RemoteTestNG.main(RemoteTestNG.java:77)
Caused by: java.lang.AssertionError: The following asserts failed:
	Verifying JSON Path value expected [5] but found [4]
	at org.testng.asserts.SoftAssert.assertAll(SoftAssert.java:43)
	at step.Get_User_API_Step_Driver.Get_user_gather_report(Get_User_API_Step_Driver.java:118)
	at ?.And Test Get User API Gather all soft /hard asertion report(src/main/java/features/Get_User_API.feature:8)
</pre></div></td>
<td>0</td>
<td>runners.Get_User_API_Step_Runner@488d1cd7</td></tr>
</table><p>
<table width='100%' border='1' class='invocation-passed'>
<tr><td colspan='4' align='center'><b>PASSED TESTS</b></td></tr>
<tr><td><b>Test method</b></td>
<td width="30%"><b>Exception</b></td>
<td width="10%"><b>Time (seconds)</b></td>
<td><b>Instance</b></td>
</tr>
<tr>
<td title='runners.Get_instructions_API_Step_Runner.feature()'><b>feature</b><br>Test class: runners.Get_instructions_API_Step_Runner<br>Test method: Runs Cucumber Feature<br>Parameters: Test Get_instructions API</td>
<td></td>
<td>0</td>
<td>runners.Get_instructions_API_Step_Runner@571c5681</td></tr>
</table><p>
</body>
</html>