<?xml version="1.0" encoding="UTF-8"?>
<!-- Generated by org.testng.reporters.JUnitXMLReporter -->
<testsuite hostname="LAPTOP-GLJP20NJ" failures="3" tests="4" name="Test" time="6.316" errors="0" timestamp="11 Aug 2020 02:08:30 GMT">
  <testcase classname="runners.Get_All_Users_API_Step_Runner" name="feature" time="3.4">
    <failure type="cucumber.runtime.CucumberException" message="java.lang.AssertionError: The following asserts failed:
	Verifying JSON Path value list expected [21] but found [false],
	Verifying JSON Path value list expected [127.0.0.1] but found [false]">
      <![CDATA[cucumber.runtime.CucumberException: java.lang.AssertionError: The following asserts failed:
	Verifying JSON Path value list expected [21] but found [false],
	Verifying JSON Path value list expected [127.0.0.1] but found [false]
	at cucumber.api.testng.TestNGCucumberRunner.runCucumber(TestNGCucumberRunner.java:69)
	at cucumber.api.testng.AbstractTestNGCucumberTests.feature(AbstractTestNGCucumberTests.java:21)
Caused by: java.lang.AssertionError: The following asserts failed:
	Verifying JSON Path value list expected [21] but found [false],
	Verifying JSON Path value list expected [127.0.0.1] but found [false]
	at step.Get_All_Users_API_Step_Driver.gather_report(Get_All_Users_API_Step_Driver.java:124)
	at ✽.And Test Get All Users API Gather all soft /hard asertion report(src/main/java/features/Get_All_Users_API.feature:8)
... Removed 25 stack frames]]>
    </failure>
  </testcase> <!-- feature -->
  <testcase classname="runners.GET_City_Users_API_Step_Runner" name="feature" time="0.525">
    <failure type="cucumber.runtime.CucumberException" message="java.lang.AssertionError: The following asserts failed:
	Verifying Text expected [true] but found [false],
	Verifying Text expected [true] but found [false]">
      <![CDATA[cucumber.runtime.CucumberException: java.lang.AssertionError: The following asserts failed:
	Verifying Text expected [true] but found [false],
	Verifying Text expected [true] but found [false]
	at cucumber.api.testng.TestNGCucumberRunner.runCucumber(TestNGCucumberRunner.java:69)
	at cucumber.api.testng.AbstractTestNGCucumberTests.feature(AbstractTestNGCucumberTests.java:21)
Caused by: java.lang.AssertionError: The following asserts failed:
	Verifying Text expected [true] but found [false],
	Verifying Text expected [true] but found [false]
	at step.GET_City_Users_API_Step_Driver.gather_report(GET_City_Users_API_Step_Driver.java:127)
	at ✽.And Test Get City Users API Gather all soft /hard asertion report(src/main/java/features/GET_City_Users_API.feature:8)
... Removed 25 stack frames]]>
    </failure>
  </testcase> <!-- feature -->
  <testcase classname="runners.Get_instructions_API_Step_Runner" name="feature" time="0.745"/>
  <testcase classname="runners.Get_User_API_Step_Runner" name="feature" time="0.957">
    <failure type="cucumber.runtime.CucumberException" message="java.lang.AssertionError: The following asserts failed:
	Verifying JSON Path value expected [5] but found [4]">
      <![CDATA[cucumber.runtime.CucumberException: java.lang.AssertionError: The following asserts failed:
	Verifying JSON Path value expected [5] but found [4]
	at cucumber.api.testng.TestNGCucumberRunner.runCucumber(TestNGCucumberRunner.java:69)
	at cucumber.api.testng.AbstractTestNGCucumberTests.feature(AbstractTestNGCucumberTests.java:21)
Caused by: java.lang.AssertionError: The following asserts failed:
	Verifying JSON Path value expected [5] but found [4]
	at step.Get_User_API_Step_Driver.Get_user_gather_report(Get_User_API_Step_Driver.java:118)
	at ✽.And Test Get User API Gather all soft /hard asertion report(src/main/java/features/Get_User_API.feature:8)
... Removed 25 stack frames]]>
    </failure>
  </testcase> <!-- feature -->
</testsuite> <!-- Test -->
