<?xml version="1.0" encoding="UTF-8"?>
<testng-results total="4" passed="1" failed="3" skipped="0">
  <reporter-output>
  </reporter-output>
  <suite started-at="2020-08-11T02:43:31Z" name="Suite" finished-at="2020-08-11T02:43:37Z" duration-ms="5563">
    <groups>
      <group name="cucumber">
        <method signature="AbstractTestNGCucumberTests.feature(cucumber.api.testng.CucumberFeatureWrapper)[pri:0, instance:runners.GET_City_Users_API_Step_Runner@6d07a63d]" name="feature" class="cucumber.api.testng.AbstractTestNGCucumberTests"/>
        <method signature="AbstractTestNGCucumberTests.feature(cucumber.api.testng.CucumberFeatureWrapper)[pri:0, instance:runners.Get_All_Users_API_Step_Runner@479ceda0]" name="feature" class="cucumber.api.testng.AbstractTestNGCucumberTests"/>
        <method signature="AbstractTestNGCucumberTests.feature(cucumber.api.testng.CucumberFeatureWrapper)[pri:0, instance:runners.Get_User_API_Step_Runner@488d1cd7]" name="feature" class="cucumber.api.testng.AbstractTestNGCucumberTests"/>
        <method signature="AbstractTestNGCucumberTests.feature(cucumber.api.testng.CucumberFeatureWrapper)[pri:0, instance:runners.Get_instructions_API_Step_Runner@571c5681]" name="feature" class="cucumber.api.testng.AbstractTestNGCucumberTests"/>
      </group> <!-- cucumber -->
    </groups>
    <test started-at="2020-08-11T02:43:31Z" name="Test" finished-at="2020-08-11T02:43:37Z" duration-ms="5563">
      <class name="runners.Get_User_API_Step_Runner">
        <test-method is-config="true" signature="setUpClass()[pri:0, instance:runners.Get_User_API_Step_Runner@488d1cd7]" started-at="2020-08-11T03:43:36Z" name="setUpClass" finished-at="2020-08-11T03:43:36Z" duration-ms="9" status="PASS">
          <reporter-output>
          </reporter-output>
        </test-method> <!-- setUpClass -->
        <test-method signature="feature(cucumber.api.testng.CucumberFeatureWrapper)[pri:0, instance:runners.Get_User_API_Step_Runner@488d1cd7]" started-at="2020-08-11T03:43:36Z" name="feature" description="Runs Cucumber Feature" data-provider="features" finished-at="2020-08-11T03:43:37Z" duration-ms="948" status="FAIL">
          <params>
            <param index="0">
              <value>
                <![CDATA[Test Get User API]]>
              </value>
            </param>
          </params>
          <exception class="cucumber.runtime.CucumberException">
            <message>
              <![CDATA[java.lang.AssertionError: The following asserts failed:
	Verifying JSON Path value expected [5] but found [4]]]>
            </message>
            <full-stacktrace>
              <![CDATA[cucumber.runtime.CucumberException: java.lang.AssertionError: The following asserts failed:
	Verifying JSON Path value expected [5] but found [4]
	at cucumber.api.testng.TestNGCucumberRunner.runCucumber(TestNGCucumberRunner.java:69)
	at cucumber.api.testng.AbstractTestNGCucumberTests.feature(AbstractTestNGCucumberTests.java:21)
	at java.base/jdk.internal.reflect.NativeMethodAccessorImpl.invoke0(Native Method)
	at java.base/jdk.internal.reflect.NativeMethodAccessorImpl.invoke(NativeMethodAccessorImpl.java:62)
	at java.base/jdk.internal.reflect.DelegatingMethodAccessorImpl.invoke(DelegatingMethodAccessorImpl.java:43)
	at java.base/java.lang.reflect.Method.invoke(Method.java:566)
	at org.testng.internal.MethodInvocationHelper.invokeMethod(MethodInvocationHelper.java:86)
	at org.testng.internal.Invoker.invokeMethod(Invoker.java:643)
	at org.testng.internal.Invoker.invokeTestMethod(Invoker.java:820)
	at org.testng.internal.Invoker.invokeTestMethods(Invoker.java:1128)
	at org.testng.internal.TestMethodWorker.invokeTestMethods(TestMethodWorker.java:129)
	at org.testng.internal.TestMethodWorker.run(TestMethodWorker.java:112)
	at org.testng.TestRunner.privateRun(TestRunner.java:782)
	at org.testng.TestRunner.run(TestRunner.java:632)
	at org.testng.SuiteRunner.runTest(SuiteRunner.java:366)
	at org.testng.SuiteRunner.runSequentially(SuiteRunner.java:361)
	at org.testng.SuiteRunner.privateRun(SuiteRunner.java:319)
	at org.testng.SuiteRunner.run(SuiteRunner.java:268)
	at org.testng.SuiteRunnerWorker.runSuite(SuiteRunnerWorker.java:52)
	at org.testng.SuiteRunnerWorker.run(SuiteRunnerWorker.java:86)
	at org.testng.TestNG.runSuitesSequentially(TestNG.java:1244)
	at org.testng.TestNG.runSuitesLocally(TestNG.java:1169)
	at org.testng.TestNG.run(TestNG.java:1064)
	at org.testng.remote.AbstractRemoteTestNG.run(AbstractRemoteTestNG.java:115)
	at org.testng.remote.RemoteTestNG.initAndRun(RemoteTestNG.java:251)
	at org.testng.remote.RemoteTestNG.main(RemoteTestNG.java:77)
Caused by: java.lang.AssertionError: The following asserts failed:
	Verifying JSON Path value expected [5] but found [4]
	at org.testng.asserts.SoftAssert.assertAll(SoftAssert.java:43)
	at step.Get_User_API_Step_Driver.Get_user_gather_report(Get_User_API_Step_Driver.java:118)
	at ✽.And Test Get User API Gather all soft /hard asertion report(src/main/java/features/Get_User_API.feature:8)
]]>
            </full-stacktrace>
          </exception> <!-- cucumber.runtime.CucumberException -->
          <reporter-output>
          </reporter-output>
        </test-method> <!-- feature -->
        <test-method is-config="true" signature="tearDownClass()[pri:0, instance:runners.Get_User_API_Step_Runner@488d1cd7]" started-at="2020-08-11T03:43:37Z" name="tearDownClass" finished-at="2020-08-11T03:43:37Z" duration-ms="29" status="PASS">
          <reporter-output>
          </reporter-output>
        </test-method> <!-- tearDownClass -->
        <test-method is-config="true" signature="writeExtentReport()[pri:0, instance:runners.Get_User_API_Step_Runner@488d1cd7]" started-at="2020-08-11T03:43:37Z" name="writeExtentReport" finished-at="2020-08-11T03:43:37Z" duration-ms="0" status="PASS">
          <reporter-output>
          </reporter-output>
        </test-method> <!-- writeExtentReport -->
      </class> <!-- runners.Get_User_API_Step_Runner -->
      <class name="runners.Get_All_Users_API_Step_Runner">
        <test-method is-config="true" signature="setUpClass()[pri:0, instance:runners.Get_All_Users_API_Step_Runner@479ceda0]" started-at="2020-08-11T03:43:31Z" name="setUpClass" finished-at="2020-08-11T03:43:32Z" duration-ms="174" status="PASS">
          <reporter-output>
          </reporter-output>
        </test-method> <!-- setUpClass -->
        <test-method signature="feature(cucumber.api.testng.CucumberFeatureWrapper)[pri:0, instance:runners.Get_All_Users_API_Step_Runner@479ceda0]" started-at="2020-08-11T03:43:32Z" name="feature" description="Runs Cucumber Feature" data-provider="features" finished-at="2020-08-11T03:43:34Z" duration-ms="2828" status="FAIL">
          <params>
            <param index="0">
              <value>
                <![CDATA[Test Get_All_Users API]]>
              </value>
            </param>
          </params>
          <exception class="cucumber.runtime.CucumberException">
            <message>
              <![CDATA[java.lang.AssertionError: The following asserts failed:
	Verifying JSON Path value list expected [21] but found [false],
	Verifying JSON Path value list expected [127.0.0.1] but found [false]]]>
            </message>
            <full-stacktrace>
              <![CDATA[cucumber.runtime.CucumberException: java.lang.AssertionError: The following asserts failed:
	Verifying JSON Path value list expected [21] but found [false],
	Verifying JSON Path value list expected [127.0.0.1] but found [false]
	at cucumber.api.testng.TestNGCucumberRunner.runCucumber(TestNGCucumberRunner.java:69)
	at cucumber.api.testng.AbstractTestNGCucumberTests.feature(AbstractTestNGCucumberTests.java:21)
	at java.base/jdk.internal.reflect.NativeMethodAccessorImpl.invoke0(Native Method)
	at java.base/jdk.internal.reflect.NativeMethodAccessorImpl.invoke(NativeMethodAccessorImpl.java:62)
	at java.base/jdk.internal.reflect.DelegatingMethodAccessorImpl.invoke(DelegatingMethodAccessorImpl.java:43)
	at java.base/java.lang.reflect.Method.invoke(Method.java:566)
	at org.testng.internal.MethodInvocationHelper.invokeMethod(MethodInvocationHelper.java:86)
	at org.testng.internal.Invoker.invokeMethod(Invoker.java:643)
	at org.testng.internal.Invoker.invokeTestMethod(Invoker.java:820)
	at org.testng.internal.Invoker.invokeTestMethods(Invoker.java:1128)
	at org.testng.internal.TestMethodWorker.invokeTestMethods(TestMethodWorker.java:129)
	at org.testng.internal.TestMethodWorker.run(TestMethodWorker.java:112)
	at org.testng.TestRunner.privateRun(TestRunner.java:782)
	at org.testng.TestRunner.run(TestRunner.java:632)
	at org.testng.SuiteRunner.runTest(SuiteRunner.java:366)
	at org.testng.SuiteRunner.runSequentially(SuiteRunner.java:361)
	at org.testng.SuiteRunner.privateRun(SuiteRunner.java:319)
	at org.testng.SuiteRunner.run(SuiteRunner.java:268)
	at org.testng.SuiteRunnerWorker.runSuite(SuiteRunnerWorker.java:52)
	at org.testng.SuiteRunnerWorker.run(SuiteRunnerWorker.java:86)
	at org.testng.TestNG.runSuitesSequentially(TestNG.java:1244)
	at org.testng.TestNG.runSuitesLocally(TestNG.java:1169)
	at org.testng.TestNG.run(TestNG.java:1064)
	at org.testng.remote.AbstractRemoteTestNG.run(AbstractRemoteTestNG.java:115)
	at org.testng.remote.RemoteTestNG.initAndRun(RemoteTestNG.java:251)
	at org.testng.remote.RemoteTestNG.main(RemoteTestNG.java:77)
Caused by: java.lang.AssertionError: The following asserts failed:
	Verifying JSON Path value list expected [21] but found [false],
	Verifying JSON Path value list expected [127.0.0.1] but found [false]
	at org.testng.asserts.SoftAssert.assertAll(SoftAssert.java:43)
	at step.Get_All_Users_API_Step_Driver.gather_report(Get_All_Users_API_Step_Driver.java:124)
	at ✽.And Test Get All Users API Gather all soft /hard asertion report(src/main/java/features/Get_All_Users_API.feature:8)
]]>
            </full-stacktrace>
          </exception> <!-- cucumber.runtime.CucumberException -->
          <reporter-output>
          </reporter-output>
        </test-method> <!-- feature -->
        <test-method is-config="true" signature="writeExtentReport()[pri:0, instance:runners.Get_All_Users_API_Step_Runner@479ceda0]" started-at="2020-08-11T03:43:34Z" name="writeExtentReport" finished-at="2020-08-11T03:43:34Z" duration-ms="2" status="PASS">
          <reporter-output>
          </reporter-output>
        </test-method> <!-- writeExtentReport -->
        <test-method is-config="true" signature="tearDownClass()[pri:0, instance:runners.Get_All_Users_API_Step_Runner@479ceda0]" started-at="2020-08-11T03:43:34Z" name="tearDownClass" finished-at="2020-08-11T03:43:35Z" duration-ms="171" status="PASS">
          <reporter-output>
          </reporter-output>
        </test-method> <!-- tearDownClass -->
      </class> <!-- runners.Get_All_Users_API_Step_Runner -->
      <class name="runners.GET_City_Users_API_Step_Runner">
        <test-method is-config="true" signature="setUpClass()[pri:0, instance:runners.GET_City_Users_API_Step_Runner@6d07a63d]" started-at="2020-08-11T03:43:35Z" name="setUpClass" finished-at="2020-08-11T03:43:35Z" duration-ms="9" status="PASS">
          <reporter-output>
          </reporter-output>
        </test-method> <!-- setUpClass -->
        <test-method signature="feature(cucumber.api.testng.CucumberFeatureWrapper)[pri:0, instance:runners.GET_City_Users_API_Step_Runner@6d07a63d]" started-at="2020-08-11T03:43:35Z" name="feature" description="Runs Cucumber Feature" data-provider="features" finished-at="2020-08-11T03:43:35Z" duration-ms="520" status="FAIL">
          <params>
            <param index="0">
              <value>
                <![CDATA[Test GET City Users API]]>
              </value>
            </param>
          </params>
          <exception class="cucumber.runtime.CucumberException">
            <message>
              <![CDATA[java.lang.AssertionError: The following asserts failed:
	Verifying Text expected [true] but found [false],
	Verifying Text expected [true] but found [false]]]>
            </message>
            <full-stacktrace>
              <![CDATA[cucumber.runtime.CucumberException: java.lang.AssertionError: The following asserts failed:
	Verifying Text expected [true] but found [false],
	Verifying Text expected [true] but found [false]
	at cucumber.api.testng.TestNGCucumberRunner.runCucumber(TestNGCucumberRunner.java:69)
	at cucumber.api.testng.AbstractTestNGCucumberTests.feature(AbstractTestNGCucumberTests.java:21)
	at java.base/jdk.internal.reflect.NativeMethodAccessorImpl.invoke0(Native Method)
	at java.base/jdk.internal.reflect.NativeMethodAccessorImpl.invoke(NativeMethodAccessorImpl.java:62)
	at java.base/jdk.internal.reflect.DelegatingMethodAccessorImpl.invoke(DelegatingMethodAccessorImpl.java:43)
	at java.base/java.lang.reflect.Method.invoke(Method.java:566)
	at org.testng.internal.MethodInvocationHelper.invokeMethod(MethodInvocationHelper.java:86)
	at org.testng.internal.Invoker.invokeMethod(Invoker.java:643)
	at org.testng.internal.Invoker.invokeTestMethod(Invoker.java:820)
	at org.testng.internal.Invoker.invokeTestMethods(Invoker.java:1128)
	at org.testng.internal.TestMethodWorker.invokeTestMethods(TestMethodWorker.java:129)
	at org.testng.internal.TestMethodWorker.run(TestMethodWorker.java:112)
	at org.testng.TestRunner.privateRun(TestRunner.java:782)
	at org.testng.TestRunner.run(TestRunner.java:632)
	at org.testng.SuiteRunner.runTest(SuiteRunner.java:366)
	at org.testng.SuiteRunner.runSequentially(SuiteRunner.java:361)
	at org.testng.SuiteRunner.privateRun(SuiteRunner.java:319)
	at org.testng.SuiteRunner.run(SuiteRunner.java:268)
	at org.testng.SuiteRunnerWorker.runSuite(SuiteRunnerWorker.java:52)
	at org.testng.SuiteRunnerWorker.run(SuiteRunnerWorker.java:86)
	at org.testng.TestNG.runSuitesSequentially(TestNG.java:1244)
	at org.testng.TestNG.runSuitesLocally(TestNG.java:1169)
	at org.testng.TestNG.run(TestNG.java:1064)
	at org.testng.remote.AbstractRemoteTestNG.run(AbstractRemoteTestNG.java:115)
	at org.testng.remote.RemoteTestNG.initAndRun(RemoteTestNG.java:251)
	at org.testng.remote.RemoteTestNG.main(RemoteTestNG.java:77)
Caused by: java.lang.AssertionError: The following asserts failed:
	Verifying Text expected [true] but found [false],
	Verifying Text expected [true] but found [false]
	at org.testng.asserts.SoftAssert.assertAll(SoftAssert.java:43)
	at step.GET_City_Users_API_Step_Driver.gather_report(GET_City_Users_API_Step_Driver.java:127)
	at ✽.And Test Get City Users API Gather all soft /hard asertion report(src/main/java/features/GET_City_Users_API.feature:8)
]]>
            </full-stacktrace>
          </exception> <!-- cucumber.runtime.CucumberException -->
          <reporter-output>
          </reporter-output>
        </test-method> <!-- feature -->
        <test-method is-config="true" signature="tearDownClass()[pri:0, instance:runners.GET_City_Users_API_Step_Runner@6d07a63d]" started-at="2020-08-11T03:43:35Z" name="tearDownClass" finished-at="2020-08-11T03:43:35Z" duration-ms="61" status="PASS">
          <reporter-output>
          </reporter-output>
        </test-method> <!-- tearDownClass -->
        <test-method is-config="true" signature="writeExtentReport()[pri:0, instance:runners.GET_City_Users_API_Step_Runner@6d07a63d]" started-at="2020-08-11T03:43:35Z" name="writeExtentReport" finished-at="2020-08-11T03:43:35Z" duration-ms="0" status="PASS">
          <reporter-output>
          </reporter-output>
        </test-method> <!-- writeExtentReport -->
      </class> <!-- runners.GET_City_Users_API_Step_Runner -->
      <class name="runners.Get_instructions_API_Step_Runner">
        <test-method is-config="true" signature="setUpClass()[pri:0, instance:runners.Get_instructions_API_Step_Runner@571c5681]" started-at="2020-08-11T03:43:35Z" name="setUpClass" finished-at="2020-08-11T03:43:35Z" duration-ms="8" status="PASS">
          <reporter-output>
          </reporter-output>
        </test-method> <!-- setUpClass -->
        <test-method signature="feature(cucumber.api.testng.CucumberFeatureWrapper)[pri:0, instance:runners.Get_instructions_API_Step_Runner@571c5681]" started-at="2020-08-11T03:43:35Z" name="feature" description="Runs Cucumber Feature" data-provider="features" finished-at="2020-08-11T03:43:36Z" duration-ms="709" status="PASS">
          <params>
            <param index="0">
              <value>
                <![CDATA[Test Get_instructions API]]>
              </value>
            </param>
          </params>
          <reporter-output>
          </reporter-output>
        </test-method> <!-- feature -->
        <test-method is-config="true" signature="writeExtentReport()[pri:0, instance:runners.Get_instructions_API_Step_Runner@571c5681]" started-at="2020-08-11T03:43:36Z" name="writeExtentReport" finished-at="2020-08-11T03:43:36Z" duration-ms="0" status="PASS">
          <reporter-output>
          </reporter-output>
        </test-method> <!-- writeExtentReport -->
        <test-method is-config="true" signature="tearDownClass()[pri:0, instance:runners.Get_instructions_API_Step_Runner@571c5681]" started-at="2020-08-11T03:43:36Z" name="tearDownClass" finished-at="2020-08-11T03:43:36Z" duration-ms="32" status="PASS">
          <reporter-output>
          </reporter-output>
        </test-method> <!-- tearDownClass -->
      </class> <!-- runners.Get_instructions_API_Step_Runner -->
    </test> <!-- Test -->
  </suite> <!-- Suite -->
</testng-results>
